23:46:59.077 [ApplicationImpl pooled thread 178] INFO  c.b.l.BrowserStackRunExtension - testng
23:46:59.081 [ApplicationImpl pooled thread 178] INFO  com.browserstack.utils.Helpers - null
23:46:59.084 [ApplicationImpl pooled thread 178] INFO  c.b.l.BrowserStackRunExtension - Agent path: null
23:48:25.300 [ApplicationImpl pooled thread 177] INFO  c.b.l.BrowserStackRunExtension - testng
23:48:25.300 [ApplicationImpl pooled thread 177] INFO  com.browserstack.utils.Helpers - null
23:48:25.301 [ApplicationImpl pooled thread 177] INFO  c.b.l.BrowserStackRunExtension - Agent path: null
23:48:54.174 [ApplicationImpl pooled thread 177] INFO  c.b.l.BrowserStackRunExtension - testng
23:48:54.174 [ApplicationImpl pooled thread 177] INFO  com.browserstack.utils.Helpers - null
23:48:54.174 [ApplicationImpl pooled thread 177] INFO  c.b.l.BrowserStackRunExtension - Agent path: null
13:43:30.468 [ApplicationImpl pooled thread 237] INFO  c.b.l.BrowserStackRunExtension - testng
13:43:30.468 [ApplicationImpl pooled thread 237] INFO  com.browserstack.utils.Helpers - null
13:43:30.469 [ApplicationImpl pooled thread 237] INFO  c.b.l.BrowserStackRunExtension - Agent path: null
13:52:03.981 [ApplicationImpl pooled thread 252] INFO  c.b.l.BrowserStackRunExtension - testng
13:52:03.981 [ApplicationImpl pooled thread 252] INFO  com.browserstack.utils.Helpers - null
13:52:03.981 [ApplicationImpl pooled thread 252] INFO  c.b.l.BrowserStackRunExtension - Agent path: null
13:52:57.355 [ApplicationImpl pooled thread 251] INFO  c.b.l.BrowserStackRunExtension - testng
13:52:57.355 [ApplicationImpl pooled thread 251] INFO  com.browserstack.utils.Helpers - null
13:52:57.365 [ApplicationImpl pooled thread 251] INFO  c.b.l.BrowserStackRunExtension - Agent path: null
13:53:26.613 [ApplicationImpl pooled thread 256] INFO  c.b.l.BrowserStackRunExtension - testng
13:53:26.613 [ApplicationImpl pooled thread 256] INFO  com.browserstack.utils.Helpers - null
13:53:26.628 [ApplicationImpl pooled thread 256] INFO  c.b.l.BrowserStackRunExtension - Agent path: null
13:53:58.461 [ApplicationImpl pooled thread 256] INFO  c.b.l.BrowserStackRunExtension - testng
13:53:58.461 [ApplicationImpl pooled thread 256] INFO  com.browserstack.utils.Helpers - null
13:53:58.474 [ApplicationImpl pooled thread 256] INFO  c.b.l.BrowserStackRunExtension - Agent path: null
13:54:14.463 [ApplicationImpl pooled thread 256] INFO  c.b.l.BrowserStackRunExtension - testng
13:54:14.463 [ApplicationImpl pooled thread 256] INFO  com.browserstack.utils.Helpers - null
13:54:14.464 [ApplicationImpl pooled thread 256] INFO  c.b.l.BrowserStackRunExtension - Agent path: null
13:54:42.410 [ApplicationImpl pooled thread 256] INFO  c.b.l.BrowserStackRunExtension - testng
13:54:42.410 [ApplicationImpl pooled thread 256] INFO  com.browserstack.utils.Helpers - null
13:54:42.412 [ApplicationImpl pooled thread 256] INFO  c.b.l.BrowserStackRunExtension - Agent path: null
14:01:15.101 [ApplicationImpl pooled thread 259] INFO  c.b.l.BrowserStackRunExtension - testng
14:01:15.101 [ApplicationImpl pooled thread 259] INFO  com.browserstack.utils.Helpers - null
14:01:15.101 [ApplicationImpl pooled thread 259] INFO  c.b.l.BrowserStackRunExtension - Agent path: null
14:01:51.556 [ApplicationImpl pooled thread 249] INFO  c.b.l.BrowserStackRunExtension - testng
14:01:51.556 [ApplicationImpl pooled thread 249] INFO  com.browserstack.utils.Helpers - null
14:01:51.557 [ApplicationImpl pooled thread 249] INFO  c.b.l.BrowserStackRunExtension - Agent path: null
14:02:45.565 [ApplicationImpl pooled thread 259] INFO  c.b.l.BrowserStackRunExtension - testng
14:02:45.565 [ApplicationImpl pooled thread 259] INFO  com.browserstack.utils.Helpers - null
14:02:45.582 [ApplicationImpl pooled thread 259] INFO  c.b.l.BrowserStackRunExtension - Agent path: null
14:04:21.199 [ApplicationImpl pooled thread 260] INFO  c.b.l.BrowserStackRunExtension - testng
14:04:21.199 [ApplicationImpl pooled thread 260] INFO  com.browserstack.utils.Helpers - null
14:04:21.210 [ApplicationImpl pooled thread 260] INFO  c.b.l.BrowserStackRunExtension - Agent path: null
14:18:19.716 [ApplicationImpl pooled thread 272] INFO  c.b.l.BrowserStackRunExtension - testng
14:18:19.716 [ApplicationImpl pooled thread 272] INFO  com.browserstack.utils.Helpers - null
14:18:19.716 [ApplicationImpl pooled thread 272] INFO  c.b.l.BrowserStackRunExtension - Agent path: null
14:18:53.062 [ApplicationImpl pooled thread 264] INFO  c.b.l.BrowserStackRunExtension - testng
14:18:53.062 [ApplicationImpl pooled thread 264] INFO  com.browserstack.utils.Helpers - null
14:18:53.062 [ApplicationImpl pooled thread 264] INFO  c.b.l.BrowserStackRunExtension - Agent path: null
14:23:03.653 [ApplicationImpl pooled thread 278] INFO  c.b.l.BrowserStackRunExtension - testng
14:23:03.653 [ApplicationImpl pooled thread 278] INFO  com.browserstack.utils.Helpers - null
14:23:03.667 [ApplicationImpl pooled thread 278] INFO  c.b.l.BrowserStackRunExtension - Agent path: null
14:27:40.664 [ApplicationImpl pooled thread 268] INFO  c.b.l.BrowserStackRunExtension - testng
14:27:40.665 [ApplicationImpl pooled thread 268] INFO  com.browserstack.utils.Helpers - null
14:27:40.670 [ApplicationImpl pooled thread 268] INFO  c.b.l.BrowserStackRunExtension - Agent path: null
14:28:06.054 [ApplicationImpl pooled thread 275] INFO  c.b.l.BrowserStackRunExtension - testng
14:28:06.054 [ApplicationImpl pooled thread 275] INFO  com.browserstack.utils.Helpers - null
14:28:06.055 [ApplicationImpl pooled thread 275] INFO  c.b.l.BrowserStackRunExtension - Agent path: null
14:31:25.813 [ApplicationImpl pooled thread 279] INFO  c.b.l.BrowserStackRunExtension - testng
14:31:25.814 [ApplicationImpl pooled thread 279] INFO  com.browserstack.utils.Helpers - null
14:31:25.828 [ApplicationImpl pooled thread 279] INFO  c.b.l.BrowserStackRunExtension - Agent path: null
14:37:30.800 [ApplicationImpl pooled thread 268] INFO  c.b.l.BrowserStackRunExtension - testng
14:37:30.800 [ApplicationImpl pooled thread 268] INFO  com.browserstack.utils.Helpers - null
14:37:30.816 [ApplicationImpl pooled thread 268] INFO  c.b.l.BrowserStackRunExtension - Agent path: null
14:39:39.029 [ApplicationImpl pooled thread 288] INFO  c.b.l.BrowserStackRunExtension - testng
14:39:39.030 [ApplicationImpl pooled thread 288] INFO  com.browserstack.utils.Helpers - null
14:39:39.037 [ApplicationImpl pooled thread 288] INFO  c.b.l.BrowserStackRunExtension - Agent path: null
14:48:32.155 [ApplicationImpl pooled thread 291] INFO  c.b.l.BrowserStackRunExtension - testng
14:48:32.155 [ApplicationImpl pooled thread 291] INFO  com.browserstack.utils.Helpers - null
14:48:32.155 [ApplicationImpl pooled thread 291] INFO  c.b.l.BrowserStackRunExtension - Agent path: null
14:49:22.299 [ApplicationImpl pooled thread 297] INFO  c.b.l.BrowserStackRunExtension - testng
14:49:22.299 [ApplicationImpl pooled thread 297] INFO  com.browserstack.utils.Helpers - null
14:49:22.301 [ApplicationImpl pooled thread 297] INFO  c.b.l.BrowserStackRunExtension - Agent path: null
14:50:30.593 [ApplicationImpl pooled thread 291] INFO  c.b.l.BrowserStackRunExtension - testng
14:50:30.593 [ApplicationImpl pooled thread 291] INFO  com.browserstack.utils.Helpers - null
14:50:30.595 [ApplicationImpl pooled thread 291] INFO  c.b.l.BrowserStackRunExtension - Agent path: null
14:52:06.138 [ApplicationImpl pooled thread 299] INFO  c.b.l.BrowserStackRunExtension - testng
14:52:06.139 [ApplicationImpl pooled thread 299] INFO  com.browserstack.utils.Helpers - null
14:52:06.154 [ApplicationImpl pooled thread 299] INFO  c.b.l.BrowserStackRunExtension - Agent path: null
15:50:16.507 [ApplicationImpl pooled thread 326] INFO  c.b.l.BrowserStackRunExtension - testng
15:50:16.507 [ApplicationImpl pooled thread 326] INFO  com.browserstack.utils.Helpers - null
15:50:16.507 [ApplicationImpl pooled thread 326] INFO  c.b.l.BrowserStackRunExtension - Agent path: null
15:50:28.857 [ApplicationImpl pooled thread 325] INFO  c.b.l.BrowserStackRunExtension - testng
15:50:28.857 [ApplicationImpl pooled thread 325] INFO  com.browserstack.utils.Helpers - null
15:50:28.862 [ApplicationImpl pooled thread 325] INFO  c.b.l.BrowserStackRunExtension - Agent path: null
15:51:16.549 [ApplicationImpl pooled thread 326] INFO  c.b.l.BrowserStackRunExtension - testng
15:51:16.550 [ApplicationImpl pooled thread 326] INFO  com.browserstack.utils.Helpers - null
15:51:16.565 [ApplicationImpl pooled thread 326] INFO  c.b.l.BrowserStackRunExtension - Agent path: null
15:51:53.026 [ApplicationImpl pooled thread 329] INFO  c.b.l.BrowserStackRunExtension - testng
15:51:53.026 [ApplicationImpl pooled thread 329] INFO  com.browserstack.utils.Helpers - null
15:51:53.039 [ApplicationImpl pooled thread 329] INFO  c.b.l.BrowserStackRunExtension - Agent path: null
15:52:13.073 [ApplicationImpl pooled thread 329] INFO  c.b.l.BrowserStackRunExtension - testng
15:52:13.073 [ApplicationImpl pooled thread 329] INFO  com.browserstack.utils.Helpers - null
15:52:13.074 [ApplicationImpl pooled thread 329] INFO  c.b.l.BrowserStackRunExtension - Agent path: null
15:52:36.590 [ApplicationImpl pooled thread 329] INFO  c.b.l.BrowserStackRunExtension - testng
15:52:36.590 [ApplicationImpl pooled thread 329] INFO  com.browserstack.utils.Helpers - null
15:52:36.590 [ApplicationImpl pooled thread 329] INFO  c.b.l.BrowserStackRunExtension - Agent path: null
15:57:05.184 [ApplicationImpl pooled thread 334] INFO  c.b.l.BrowserStackRunExtension - testng
15:57:05.184 [ApplicationImpl pooled thread 334] INFO  com.browserstack.utils.Helpers - null
15:57:05.197 [ApplicationImpl pooled thread 334] INFO  c.b.l.BrowserStackRunExtension - Agent path: null
17:52:22.589 [ApplicationImpl pooled thread 375] INFO  c.b.l.BrowserStackRunExtension - testng
17:52:22.590 [ApplicationImpl pooled thread 375] INFO  com.browserstack.utils.Helpers - null
17:52:22.590 [ApplicationImpl pooled thread 375] INFO  c.b.l.BrowserStackRunExtension - Agent path: null
18:03:57.622 [ApplicationImpl pooled thread 381] INFO  c.b.l.BrowserStackRunExtension - testng
18:03:57.622 [ApplicationImpl pooled thread 381] INFO  com.browserstack.utils.Helpers - null
18:03:57.622 [ApplicationImpl pooled thread 381] INFO  c.b.l.BrowserStackRunExtension - Agent path: null
18:04:48.906 [ApplicationImpl pooled thread 383] INFO  c.b.l.BrowserStackRunExtension - testng
18:04:48.907 [ApplicationImpl pooled thread 383] INFO  com.browserstack.utils.Helpers - null
18:04:48.918 [ApplicationImpl pooled thread 383] INFO  c.b.l.BrowserStackRunExtension - Agent path: null
18:05:19.746 [ApplicationImpl pooled thread 382] INFO  c.b.l.BrowserStackRunExtension - testng
18:05:19.746 [ApplicationImpl pooled thread 382] INFO  com.browserstack.utils.Helpers - null
18:05:19.760 [ApplicationImpl pooled thread 382] INFO  c.b.l.BrowserStackRunExtension - Agent path: null
18:05:42.081 [ApplicationImpl pooled thread 385] INFO  c.b.l.BrowserStackRunExtension - testng
18:05:42.081 [ApplicationImpl pooled thread 385] INFO  com.browserstack.utils.Helpers - null
18:05:42.081 [ApplicationImpl pooled thread 385] INFO  c.b.l.BrowserStackRunExtension - Agent path: null
18:08:36.362 [ApplicationImpl pooled thread 381] INFO  c.b.l.BrowserStackRunExtension - testng
18:08:36.362 [ApplicationImpl pooled thread 381] INFO  com.browserstack.utils.Helpers - null
18:08:36.375 [ApplicationImpl pooled thread 381] INFO  c.b.l.BrowserStackRunExtension - Agent path: null
18:19:16.021 [ApplicationImpl pooled thread 385] INFO  c.b.l.BrowserStackRunExtension - testng
18:19:16.021 [ApplicationImpl pooled thread 385] INFO  com.browserstack.utils.Helpers - null
18:19:16.034 [ApplicationImpl pooled thread 385] INFO  c.b.l.BrowserStackRunExtension - Agent path: null
18:26:05.271 [ApplicationImpl pooled thread 390] INFO  c.b.l.BrowserStackRunExtension - testng
18:26:05.271 [ApplicationImpl pooled thread 390] INFO  com.browserstack.utils.Helpers - null
18:26:05.272 [ApplicationImpl pooled thread 390] INFO  c.b.l.BrowserStackRunExtension - Agent path: null
18:27:36.009 [ApplicationImpl pooled thread 394] INFO  c.b.l.BrowserStackRunExtension - testng
18:27:36.010 [ApplicationImpl pooled thread 394] INFO  com.browserstack.utils.Helpers - null
18:27:36.026 [ApplicationImpl pooled thread 394] INFO  c.b.l.BrowserStackRunExtension - Agent path: null
18:27:51.218 [ApplicationImpl pooled thread 398] INFO  c.b.l.BrowserStackRunExtension - testng
18:27:51.218 [ApplicationImpl pooled thread 398] INFO  com.browserstack.utils.Helpers - null
18:27:51.219 [ApplicationImpl pooled thread 398] INFO  c.b.l.BrowserStackRunExtension - Agent path: null
18:30:36.636 [ApplicationImpl pooled thread 385] INFO  c.b.l.BrowserStackRunExtension - testng
18:30:36.636 [ApplicationImpl pooled thread 385] INFO  com.browserstack.utils.Helpers - null
18:30:36.638 [ApplicationImpl pooled thread 385] INFO  c.b.l.BrowserStackRunExtension - Agent path: null
18:30:53.884 [ApplicationImpl pooled thread 385] INFO  c.b.l.BrowserStackRunExtension - testng
18:30:53.884 [ApplicationImpl pooled thread 385] INFO  com.browserstack.utils.Helpers - null
18:30:53.884 [ApplicationImpl pooled thread 385] INFO  c.b.l.BrowserStackRunExtension - Agent path: null
18:44:42.271 [ApplicationImpl pooled thread 385] INFO  c.b.l.BrowserStackRunExtension - testng
18:44:42.271 [ApplicationImpl pooled thread 385] INFO  com.browserstack.utils.Helpers - null
18:44:42.271 [ApplicationImpl pooled thread 385] INFO  c.b.l.BrowserStackRunExtension - Agent path: null
18:45:19.714 [ApplicationImpl pooled thread 404] INFO  c.b.l.BrowserStackRunExtension - testng
18:45:19.715 [ApplicationImpl pooled thread 404] INFO  com.browserstack.utils.Helpers - null
18:45:19.715 [ApplicationImpl pooled thread 404] INFO  c.b.l.BrowserStackRunExtension - Agent path: null
18:45:45.923 [ApplicationImpl pooled thread 404] INFO  c.b.l.BrowserStackRunExtension - testng
18:45:45.923 [ApplicationImpl pooled thread 404] INFO  com.browserstack.utils.Helpers - null
18:45:45.940 [ApplicationImpl pooled thread 404] INFO  c.b.l.BrowserStackRunExtension - Agent path: null
18:46:55.395 [ApplicationImpl pooled thread 408] INFO  c.b.l.BrowserStackRunExtension - testng
18:46:55.395 [ApplicationImpl pooled thread 408] INFO  com.browserstack.utils.Helpers - null
18:46:55.408 [ApplicationImpl pooled thread 408] INFO  c.b.l.BrowserStackRunExtension - Agent path: null
18:49:10.085 [ApplicationImpl pooled thread 413] INFO  c.b.l.BrowserStackRunExtension - testng
18:49:10.085 [ApplicationImpl pooled thread 413] INFO  com.browserstack.utils.Helpers - null
18:49:10.092 [ApplicationImpl pooled thread 413] INFO  c.b.l.BrowserStackRunExtension - Agent path: null
18:49:37.506 [ApplicationImpl pooled thread 404] INFO  c.b.l.BrowserStackRunExtension - testng
18:49:37.506 [ApplicationImpl pooled thread 404] INFO  com.browserstack.utils.Helpers - null
18:49:37.507 [ApplicationImpl pooled thread 404] INFO  c.b.l.BrowserStackRunExtension - Agent path: null
18:50:59.919 [ApplicationImpl pooled thread 413] INFO  c.b.l.BrowserStackRunExtension - testng
18:50:59.919 [ApplicationImpl pooled thread 413] INFO  com.browserstack.utils.Helpers - null
18:50:59.920 [ApplicationImpl pooled thread 413] INFO  c.b.l.BrowserStackRunExtension - Agent path: null
18:55:00.692 [ApplicationImpl pooled thread 413] INFO  c.b.l.BrowserStackRunExtension - testng
18:55:00.693 [ApplicationImpl pooled thread 413] INFO  com.browserstack.utils.Helpers - null
18:55:00.709 [ApplicationImpl pooled thread 413] INFO  c.b.l.BrowserStackRunExtension - Agent path: null
19:04:21.115 [ApplicationImpl pooled thread 421] INFO  c.b.l.BrowserStackRunExtension - testng
19:04:21.115 [ApplicationImpl pooled thread 421] INFO  com.browserstack.utils.Helpers - null
19:04:21.124 [ApplicationImpl pooled thread 421] INFO  c.b.l.BrowserStackRunExtension - Agent path: null
19:05:23.202 [ApplicationImpl pooled thread 424] INFO  c.b.l.BrowserStackRunExtension - testng
19:05:23.203 [ApplicationImpl pooled thread 424] INFO  com.browserstack.utils.Helpers - null
19:05:23.210 [ApplicationImpl pooled thread 424] INFO  c.b.l.BrowserStackRunExtension - Agent path: null
19:09:33.513 [ApplicationImpl pooled thread 424] INFO  c.b.l.BrowserStackRunExtension - testng
19:09:33.513 [ApplicationImpl pooled thread 424] INFO  com.browserstack.utils.Helpers - null
19:09:33.515 [ApplicationImpl pooled thread 424] INFO  c.b.l.BrowserStackRunExtension - Agent path: null
19:09:37.316 [ApplicationImpl pooled thread 424] INFO  c.b.l.BrowserStackRunExtension - testng
19:09:37.317 [ApplicationImpl pooled thread 424] INFO  com.browserstack.utils.Helpers - null
19:09:37.333 [ApplicationImpl pooled thread 424] INFO  c.b.l.BrowserStackRunExtension - Agent path: null
19:17:29.594 [ApplicationImpl pooled thread 431] INFO  c.b.l.BrowserStackRunExtension - testng
19:17:29.595 [ApplicationImpl pooled thread 431] INFO  com.browserstack.utils.Helpers - null
19:17:29.610 [ApplicationImpl pooled thread 431] INFO  c.b.l.BrowserStackRunExtension - Agent path: null
19:17:52.724 [ApplicationImpl pooled thread 430] INFO  c.b.l.BrowserStackRunExtension - testng
19:17:52.724 [ApplicationImpl pooled thread 430] INFO  com.browserstack.utils.Helpers - null
19:17:52.725 [ApplicationImpl pooled thread 430] INFO  c.b.l.BrowserStackRunExtension - Agent path: null
19:20:32.089 [ApplicationImpl pooled thread 433] INFO  c.b.l.BrowserStackRunExtension - testng
19:20:32.089 [ApplicationImpl pooled thread 433] INFO  com.browserstack.utils.Helpers - null
19:20:32.103 [ApplicationImpl pooled thread 433] INFO  c.b.l.BrowserStackRunExtension - Agent path: null
19:20:56.908 [ApplicationImpl pooled thread 436] INFO  c.b.l.BrowserStackRunExtension - testng
19:20:56.908 [ApplicationImpl pooled thread 436] INFO  com.browserstack.utils.Helpers - null
19:20:56.924 [ApplicationImpl pooled thread 436] INFO  c.b.l.BrowserStackRunExtension - Agent path: null
19:25:38.066 [ApplicationImpl pooled thread 433] INFO  c.b.l.BrowserStackRunExtension - testng
19:25:38.066 [ApplicationImpl pooled thread 433] INFO  com.browserstack.utils.Helpers - null
19:25:38.066 [ApplicationImpl pooled thread 433] INFO  c.b.l.BrowserStackRunExtension - Agent path: null
19:33:29.771 [ApplicationImpl pooled thread 439] INFO  c.b.l.BrowserStackRunExtension - testng
19:33:29.771 [ApplicationImpl pooled thread 439] INFO  com.browserstack.utils.Helpers - null
19:33:29.785 [ApplicationImpl pooled thread 439] INFO  c.b.l.BrowserStackRunExtension - Agent path: null
19:34:02.923 [ApplicationImpl pooled thread 434] INFO  c.b.l.BrowserStackRunExtension - testng
19:34:02.923 [ApplicationImpl pooled thread 434] INFO  com.browserstack.utils.Helpers - null
19:34:02.923 [ApplicationImpl pooled thread 434] INFO  c.b.l.BrowserStackRunExtension - Agent path: null
19:35:02.556 [ApplicationImpl pooled thread 445] INFO  c.b.l.BrowserStackRunExtension - testng
19:35:02.556 [ApplicationImpl pooled thread 445] INFO  com.browserstack.utils.Helpers - null
19:35:02.573 [ApplicationImpl pooled thread 445] INFO  c.b.l.BrowserStackRunExtension - Agent path: null
19:36:49.027 [ApplicationImpl pooled thread 439] INFO  c.b.l.BrowserStackRunExtension - testng
19:36:49.028 [ApplicationImpl pooled thread 439] INFO  com.browserstack.utils.Helpers - null
19:36:49.044 [ApplicationImpl pooled thread 439] INFO  c.b.l.BrowserStackRunExtension - Agent path: null
19:56:54.239 [ApplicationImpl pooled thread 469] INFO  c.b.l.BrowserStackRunExtension - testng
19:56:54.239 [ApplicationImpl pooled thread 469] INFO  com.browserstack.utils.Helpers - null
19:56:54.239 [ApplicationImpl pooled thread 469] INFO  c.b.l.BrowserStackRunExtension - Agent path: null
19:57:07.249 [ApplicationImpl pooled thread 469] INFO  c.b.l.BrowserStackRunExtension - testng
19:57:07.249 [ApplicationImpl pooled thread 469] INFO  com.browserstack.utils.Helpers - null
19:57:07.249 [ApplicationImpl pooled thread 469] INFO  c.b.l.BrowserStackRunExtension - Agent path: null
20:02:15.221 [ApplicationImpl pooled thread 471] INFO  c.b.l.BrowserStackRunExtension - testng
20:02:15.221 [ApplicationImpl pooled thread 471] INFO  com.browserstack.utils.Helpers - null
20:02:15.221 [ApplicationImpl pooled thread 471] INFO  c.b.l.BrowserStackRunExtension - Agent path: null
20:03:21.942 [ApplicationImpl pooled thread 466] INFO  c.b.l.BrowserStackRunExtension - testng
20:03:21.942 [ApplicationImpl pooled thread 466] INFO  com.browserstack.utils.Helpers - null
20:03:21.944 [ApplicationImpl pooled thread 466] INFO  c.b.l.BrowserStackRunExtension - Agent path: null
20:04:44.214 [ApplicationImpl pooled thread 471] INFO  c.b.l.BrowserStackRunExtension - testng
20:04:44.214 [ApplicationImpl pooled thread 471] INFO  com.browserstack.utils.Helpers - null
20:04:44.214 [ApplicationImpl pooled thread 471] INFO  c.b.l.BrowserStackRunExtension - Agent path: null
20:05:21.660 [ApplicationImpl pooled thread 475] INFO  c.b.l.BrowserStackRunExtension - testng
20:05:21.660 [ApplicationImpl pooled thread 475] INFO  com.browserstack.utils.Helpers - null
20:05:21.661 [ApplicationImpl pooled thread 475] INFO  c.b.l.BrowserStackRunExtension - Agent path: null
20:06:04.007 [ApplicationImpl pooled thread 469] INFO  c.b.l.BrowserStackRunExtension - testng
20:06:04.007 [ApplicationImpl pooled thread 469] INFO  com.browserstack.utils.Helpers - null
20:06:04.014 [ApplicationImpl pooled thread 469] INFO  c.b.l.BrowserStackRunExtension - Agent path: null
20:07:32.447 [ApplicationImpl pooled thread 466] INFO  c.b.l.BrowserStackRunExtension - testng
20:07:32.447 [ApplicationImpl pooled thread 466] INFO  com.browserstack.utils.Helpers - null
20:07:32.462 [ApplicationImpl pooled thread 466] INFO  c.b.l.BrowserStackRunExtension - Agent path: null
20:08:27.336 [ApplicationImpl pooled thread 471] INFO  c.b.l.BrowserStackRunExtension - testng
20:08:27.336 [ApplicationImpl pooled thread 471] INFO  com.browserstack.utils.Helpers - null
20:08:27.340 [ApplicationImpl pooled thread 471] INFO  c.b.l.BrowserStackRunExtension - Agent path: null
15:17:09.744 [ApplicationImpl pooled thread 7] INFO  c.b.l.BrowserStackRunExtension - testng
15:17:09.753 [ApplicationImpl pooled thread 7] INFO  com.browserstack.utils.Helpers - null
15:17:09.754 [ApplicationImpl pooled thread 7] INFO  c.b.l.BrowserStackRunExtension - Agent path: null
15:22:28.403 [ApplicationImpl pooled thread 12] INFO  c.b.l.BrowserStackRunExtension - testng
15:22:28.403 [ApplicationImpl pooled thread 12] INFO  com.browserstack.utils.Helpers - null
15:22:28.403 [ApplicationImpl pooled thread 12] INFO  c.b.l.BrowserStackRunExtension - Agent path: null
15:22:58.510 [ApplicationImpl pooled thread 10] INFO  c.b.l.BrowserStackRunExtension - testng
15:22:58.510 [ApplicationImpl pooled thread 10] INFO  com.browserstack.utils.Helpers - null
15:22:58.510 [ApplicationImpl pooled thread 10] INFO  c.b.l.BrowserStackRunExtension - Agent path: null
15:24:25.335 [ApplicationImpl pooled thread 10] INFO  c.b.l.BrowserStackRunExtension - testng
15:24:25.335 [ApplicationImpl pooled thread 10] INFO  com.browserstack.utils.Helpers - null
15:24:25.335 [ApplicationImpl pooled thread 10] INFO  c.b.l.BrowserStackRunExtension - Agent path: null
15:25:02.361 [ApplicationImpl pooled thread 13] INFO  c.b.l.BrowserStackRunExtension - testng
15:25:02.361 [ApplicationImpl pooled thread 13] INFO  com.browserstack.utils.Helpers - null
15:25:02.361 [ApplicationImpl pooled thread 13] INFO  c.b.l.BrowserStackRunExtension - Agent path: null
15:38:16.597 [ApplicationImpl pooled thread 26] INFO  c.b.l.BrowserStackRunExtension - testng
15:38:16.597 [ApplicationImpl pooled thread 26] INFO  com.browserstack.utils.Helpers - null
15:38:16.597 [ApplicationImpl pooled thread 26] INFO  c.b.l.BrowserStackRunExtension - Agent path: null
15:41:40.110 [ApplicationImpl pooled thread 23] INFO  c.b.l.BrowserStackRunExtension - testng
15:41:40.110 [ApplicationImpl pooled thread 23] INFO  com.browserstack.utils.Helpers - null
15:41:40.110 [ApplicationImpl pooled thread 23] INFO  c.b.l.BrowserStackRunExtension - Agent path: null
15:43:22.286 [ApplicationImpl pooled thread 23] INFO  c.b.l.BrowserStackRunExtension - testng
15:43:22.286 [ApplicationImpl pooled thread 23] INFO  com.browserstack.utils.Helpers - null
15:43:22.286 [ApplicationImpl pooled thread 23] INFO  c.b.l.BrowserStackRunExtension - Agent path: null
15:46:19.567 [ApplicationImpl pooled thread 23] INFO  c.b.l.BrowserStackRunExtension - testng
15:46:19.567 [ApplicationImpl pooled thread 23] INFO  com.browserstack.utils.Helpers - null
15:46:19.582 [ApplicationImpl pooled thread 23] INFO  c.b.l.BrowserStackRunExtension - Agent path: null
15:46:21.118 [ApplicationImpl pooled thread 36] INFO  c.b.l.BrowserStackRunExtension - testng
15:46:21.118 [ApplicationImpl pooled thread 36] INFO  com.browserstack.utils.Helpers - null
15:46:21.118 [ApplicationImpl pooled thread 36] INFO  c.b.l.BrowserStackRunExtension - Agent path: null
15:46:35.374 [ApplicationImpl pooled thread 35] INFO  c.b.l.BrowserStackRunExtension - testng
15:46:35.374 [ApplicationImpl pooled thread 35] INFO  com.browserstack.utils.Helpers - null
15:46:35.374 [ApplicationImpl pooled thread 35] INFO  c.b.l.BrowserStackRunExtension - Agent path: null
15:56:13.582 [ApplicationImpl pooled thread 45] INFO  c.b.l.BrowserStackRunExtension - testng
15:56:13.582 [ApplicationImpl pooled thread 45] INFO  com.browserstack.utils.Helpers - null
15:56:13.598 [ApplicationImpl pooled thread 45] INFO  c.b.l.BrowserStackRunExtension - Agent path: null
17:14:08.018 [ApplicationImpl pooled thread 99] INFO  c.b.l.BrowserStackRunExtension - testng
17:14:08.018 [ApplicationImpl pooled thread 99] INFO  com.browserstack.utils.Helpers - null
17:14:08.018 [ApplicationImpl pooled thread 99] INFO  c.b.l.BrowserStackRunExtension - Agent path: null
17:14:45.026 [ApplicationImpl pooled thread 99] INFO  c.b.l.BrowserStackRunExtension - testng
17:14:45.026 [ApplicationImpl pooled thread 99] INFO  com.browserstack.utils.Helpers - null
17:14:45.026 [ApplicationImpl pooled thread 99] INFO  c.b.l.BrowserStackRunExtension - Agent path: null
17:16:53.326 [ApplicationImpl pooled thread 98] INFO  c.b.l.BrowserStackRunExtension - testng
17:16:53.326 [ApplicationImpl pooled thread 98] INFO  com.browserstack.utils.Helpers - null
17:16:53.341 [ApplicationImpl pooled thread 98] INFO  c.b.l.BrowserStackRunExtension - Agent path: null
17:17:58.130 [ApplicationImpl pooled thread 102] INFO  c.b.l.BrowserStackRunExtension - testng
17:17:58.130 [ApplicationImpl pooled thread 102] INFO  com.browserstack.utils.Helpers - null
17:17:58.146 [ApplicationImpl pooled thread 102] INFO  c.b.l.BrowserStackRunExtension - Agent path: null
17:19:53.195 [ApplicationImpl pooled thread 102] INFO  c.b.l.BrowserStackRunExtension - testng
17:19:53.195 [ApplicationImpl pooled thread 102] INFO  com.browserstack.utils.Helpers - null
17:19:53.195 [ApplicationImpl pooled thread 102] INFO  c.b.l.BrowserStackRunExtension - Agent path: null
17:21:08.178 [ApplicationImpl pooled thread 104] INFO  c.b.l.BrowserStackRunExtension - testng
17:21:08.178 [ApplicationImpl pooled thread 104] INFO  com.browserstack.utils.Helpers - null
17:21:08.194 [ApplicationImpl pooled thread 104] INFO  c.b.l.BrowserStackRunExtension - Agent path: null
17:22:49.168 [ApplicationImpl pooled thread 102] INFO  c.b.l.BrowserStackRunExtension - testng
17:22:49.168 [ApplicationImpl pooled thread 102] INFO  com.browserstack.utils.Helpers - null
17:22:49.184 [ApplicationImpl pooled thread 102] INFO  c.b.l.BrowserStackRunExtension - Agent path: null
17:26:46.267 [ApplicationImpl pooled thread 102] INFO  c.b.l.BrowserStackRunExtension - testng
17:26:46.267 [ApplicationImpl pooled thread 102] INFO  com.browserstack.utils.Helpers - null
17:26:46.267 [ApplicationImpl pooled thread 102] INFO  c.b.l.BrowserStackRunExtension - Agent path: null
17:27:36.328 [ApplicationImpl pooled thread 112] INFO  c.b.l.BrowserStackRunExtension - testng
17:27:36.328 [ApplicationImpl pooled thread 112] INFO  com.browserstack.utils.Helpers - null
17:27:36.328 [ApplicationImpl pooled thread 112] INFO  c.b.l.BrowserStackRunExtension - Agent path: null
17:30:13.622 [ApplicationImpl pooled thread 113] INFO  c.b.l.BrowserStackRunExtension - testng
17:30:13.622 [ApplicationImpl pooled thread 113] INFO  com.browserstack.utils.Helpers - null
17:30:13.638 [ApplicationImpl pooled thread 113] INFO  c.b.l.BrowserStackRunExtension - Agent path: null
17:33:08.710 [ApplicationImpl pooled thread 116] INFO  c.b.l.BrowserStackRunExtension - testng
17:33:08.710 [ApplicationImpl pooled thread 116] INFO  com.browserstack.utils.Helpers - null
17:33:08.726 [ApplicationImpl pooled thread 116] INFO  c.b.l.BrowserStackRunExtension - Agent path: null
17:34:02.733 [ApplicationImpl pooled thread 118] INFO  c.b.l.BrowserStackRunExtension - testng
17:34:02.733 [ApplicationImpl pooled thread 118] INFO  com.browserstack.utils.Helpers - null
17:34:02.733 [ApplicationImpl pooled thread 118] INFO  c.b.l.BrowserStackRunExtension - Agent path: null
17:37:55.873 [ApplicationImpl pooled thread 113] INFO  c.b.l.BrowserStackRunExtension - testng
17:37:55.873 [ApplicationImpl pooled thread 113] INFO  com.browserstack.utils.Helpers - null
17:37:55.888 [ApplicationImpl pooled thread 113] INFO  c.b.l.BrowserStackRunExtension - Agent path: null
19:02:16.896 [ApplicationImpl pooled thread 159] INFO  c.b.l.BrowserStackRunExtension - testng
19:02:16.896 [ApplicationImpl pooled thread 159] INFO  com.browserstack.utils.Helpers - null
19:02:16.896 [ApplicationImpl pooled thread 159] INFO  c.b.l.BrowserStackRunExtension - Agent path: null
19:02:58.811 [ApplicationImpl pooled thread 158] INFO  c.b.l.BrowserStackRunExtension - testng
19:02:58.811 [ApplicationImpl pooled thread 158] INFO  com.browserstack.utils.Helpers - null
19:02:58.827 [ApplicationImpl pooled thread 158] INFO  c.b.l.BrowserStackRunExtension - Agent path: null
19:03:27.817 [ApplicationImpl pooled thread 157] INFO  c.b.l.BrowserStackRunExtension - testng
19:03:27.817 [ApplicationImpl pooled thread 157] INFO  com.browserstack.utils.Helpers - null
19:03:27.817 [ApplicationImpl pooled thread 157] INFO  c.b.l.BrowserStackRunExtension - Agent path: null
19:05:17.945 [ApplicationImpl pooled thread 159] INFO  c.b.l.BrowserStackRunExtension - testng
19:05:17.945 [ApplicationImpl pooled thread 159] INFO  com.browserstack.utils.Helpers - null
19:05:17.945 [ApplicationImpl pooled thread 159] INFO  c.b.l.BrowserStackRunExtension - Agent path: null
19:06:47.421 [ApplicationImpl pooled thread 149] INFO  c.b.l.BrowserStackRunExtension - testng
19:06:47.421 [ApplicationImpl pooled thread 149] INFO  com.browserstack.utils.Helpers - null
19:06:47.437 [ApplicationImpl pooled thread 149] INFO  c.b.l.BrowserStackRunExtension - Agent path: null
19:08:09.848 [ApplicationImpl pooled thread 158] INFO  c.b.l.BrowserStackRunExtension - testng
19:08:09.848 [ApplicationImpl pooled thread 158] INFO  com.browserstack.utils.Helpers - null
19:08:09.848 [ApplicationImpl pooled thread 158] INFO  c.b.l.BrowserStackRunExtension - Agent path: null
19:09:39.034 [ApplicationImpl pooled thread 164] INFO  c.b.l.BrowserStackRunExtension - testng
19:09:39.034 [ApplicationImpl pooled thread 164] INFO  com.browserstack.utils.Helpers - null
19:09:39.034 [ApplicationImpl pooled thread 164] INFO  c.b.l.BrowserStackRunExtension - Agent path: null
19:10:07.461 [ApplicationImpl pooled thread 164] INFO  c.b.l.BrowserStackRunExtension - testng
19:10:07.461 [ApplicationImpl pooled thread 164] INFO  com.browserstack.utils.Helpers - null
19:10:07.461 [ApplicationImpl pooled thread 164] INFO  c.b.l.BrowserStackRunExtension - Agent path: null
19:11:23.738 [ApplicationImpl pooled thread 164] INFO  c.b.l.BrowserStackRunExtension - testng
19:11:23.738 [ApplicationImpl pooled thread 164] INFO  com.browserstack.utils.Helpers - null
19:11:23.759 [ApplicationImpl pooled thread 164] INFO  c.b.l.BrowserStackRunExtension - Agent path: null
19:13:03.950 [ApplicationImpl pooled thread 159] INFO  c.b.l.BrowserStackRunExtension - testng
19:13:03.950 [ApplicationImpl pooled thread 159] INFO  com.browserstack.utils.Helpers - null
19:13:03.950 [ApplicationImpl pooled thread 159] INFO  c.b.l.BrowserStackRunExtension - Agent path: null
19:20:06.219 [ApplicationImpl pooled thread 170] INFO  c.b.l.BrowserStackRunExtension - testng
19:20:06.219 [ApplicationImpl pooled thread 170] INFO  com.browserstack.utils.Helpers - null
19:20:06.219 [ApplicationImpl pooled thread 170] INFO  c.b.l.BrowserStackRunExtension - Agent path: null
19:20:18.216 [ApplicationImpl pooled thread 159] INFO  c.b.l.BrowserStackRunExtension - testng
19:20:18.216 [ApplicationImpl pooled thread 159] INFO  com.browserstack.utils.Helpers - null
19:20:18.233 [ApplicationImpl pooled thread 159] INFO  c.b.l.BrowserStackRunExtension - Agent path: null
23:32:13.948 [ApplicationImpl pooled thread 235] INFO  c.b.l.BrowserStackRunExtension - maven
23:32:13.948 [ApplicationImpl pooled thread 235] INFO  com.browserstack.utils.Helpers - null
23:33:55.496 [ApplicationImpl pooled thread 236] INFO  c.b.l.BrowserStackRunExtension - maven
23:33:55.497 [ApplicationImpl pooled thread 236] INFO  com.browserstack.utils.Helpers - null
23:45:01.952 [ApplicationImpl pooled thread 243] INFO  c.b.l.BrowserStackRunExtension - maven
23:45:01.952 [ApplicationImpl pooled thread 243] INFO  com.browserstack.utils.Helpers - null
23:48:55.557 [ApplicationImpl pooled thread 243] INFO  c.b.l.BrowserStackRunExtension - testng
23:48:55.557 [ApplicationImpl pooled thread 243] INFO  com.browserstack.utils.Helpers - null
23:48:55.557 [ApplicationImpl pooled thread 243] INFO  c.b.l.BrowserStackRunExtension - Agent path: null
23:49:01.077 [ApplicationImpl pooled thread 247] INFO  c.b.l.BrowserStackRunExtension - maven
23:49:01.077 [ApplicationImpl pooled thread 247] INFO  com.browserstack.utils.Helpers - null
00:05:42.903 [ApplicationImpl pooled thread 252] INFO  c.b.l.BrowserStackRunExtension - testng
00:05:42.903 [ApplicationImpl pooled thread 252] INFO  com.browserstack.utils.Helpers - null
00:05:42.905 [ApplicationImpl pooled thread 252] INFO  c.b.l.BrowserStackRunExtension - Agent path: null
00:07:33.706 [ApplicationImpl pooled thread 250] INFO  c.b.l.BrowserStackRunExtension - maven
00:07:33.706 [ApplicationImpl pooled thread 250] INFO  com.browserstack.utils.Helpers - null
00:09:04.177 [ApplicationImpl pooled thread 252] INFO  c.b.l.BrowserStackRunExtension - maven
00:09:04.177 [ApplicationImpl pooled thread 252] INFO  com.browserstack.utils.Helpers - null
00:12:26.185 [ApplicationImpl pooled thread 250] INFO  c.b.l.BrowserStackRunExtension - maven
00:12:26.185 [ApplicationImpl pooled thread 250] INFO  com.browserstack.utils.Helpers - null
00:15:35.928 [ApplicationImpl pooled thread 258] INFO  c.b.l.BrowserStackRunExtension - maven
00:15:35.928 [ApplicationImpl pooled thread 258] INFO  com.browserstack.utils.Helpers - null
00:20:47.066 [ApplicationImpl pooled thread 264] INFO  c.b.l.BrowserStackRunExtension - maven
00:20:47.066 [ApplicationImpl pooled thread 264] INFO  com.browserstack.utils.Helpers - null
00:26:25.020 [ApplicationImpl pooled thread 266] INFO  c.b.l.BrowserStackRunExtension - testng
00:26:25.021 [ApplicationImpl pooled thread 266] INFO  com.browserstack.utils.Helpers - null
00:26:25.022 [ApplicationImpl pooled thread 266] INFO  c.b.l.BrowserStackRunExtension - Agent path: null
00:26:32.725 [ApplicationImpl pooled thread 262] INFO  c.b.l.BrowserStackRunExtension - maven
00:26:32.725 [ApplicationImpl pooled thread 262] INFO  com.browserstack.utils.Helpers - null
00:29:11.913 [ApplicationImpl pooled thread 262] INFO  c.b.l.BrowserStackRunExtension - maven
00:29:11.913 [ApplicationImpl pooled thread 262] INFO  com.browserstack.utils.Helpers - null
00:35:18.472 [ApplicationImpl pooled thread 274] INFO  c.b.l.BrowserStackRunExtension - maven
00:35:18.472 [ApplicationImpl pooled thread 274] INFO  com.browserstack.utils.Helpers - null
00:35:27.597 [ApplicationImpl pooled thread 275] INFO  c.b.l.BrowserStackRunExtension - maven
00:35:27.597 [ApplicationImpl pooled thread 275] INFO  com.browserstack.utils.Helpers - null
00:36:08.077 [ApplicationImpl pooled thread 275] INFO  c.b.l.BrowserStackRunExtension - maven
00:36:08.077 [ApplicationImpl pooled thread 275] INFO  com.browserstack.utils.Helpers - null
00:42:23.325 [ApplicationImpl pooled thread 275] INFO  c.b.l.BrowserStackRunExtension - testng
00:42:23.325 [ApplicationImpl pooled thread 275] INFO  com.browserstack.utils.Helpers - null
00:42:23.327 [ApplicationImpl pooled thread 275] INFO  c.b.l.BrowserStackRunExtension - Agent path: null
00:50:28.136 [ApplicationImpl pooled thread 275] INFO  c.b.l.BrowserStackRunExtension - maven
00:50:28.136 [ApplicationImpl pooled thread 275] INFO  com.browserstack.utils.Helpers - null
00:57:44.892 [ApplicationImpl pooled thread 283] INFO  c.b.l.BrowserStackRunExtension - maven
00:57:44.892 [ApplicationImpl pooled thread 283] INFO  com.browserstack.utils.Helpers - null
00:59:03.089 [ApplicationImpl pooled thread 284] INFO  c.b.l.BrowserStackRunExtension - testng
00:59:03.090 [ApplicationImpl pooled thread 284] INFO  com.browserstack.utils.Helpers - null
00:59:03.092 [ApplicationImpl pooled thread 284] INFO  c.b.l.BrowserStackRunExtension - Agent path: null
01:09:09.420 [ApplicationImpl pooled thread 290] INFO  c.b.l.BrowserStackRunExtension - maven
01:09:09.420 [ApplicationImpl pooled thread 290] INFO  com.browserstack.utils.Helpers - null
01:11:02.505 [ApplicationImpl pooled thread 290] INFO  c.b.l.BrowserStackRunExtension - testng
01:11:02.505 [ApplicationImpl pooled thread 290] INFO  com.browserstack.utils.Helpers - null
01:11:02.505 [ApplicationImpl pooled thread 290] INFO  c.b.l.BrowserStackRunExtension - Agent path: null
01:13:10.128 [ApplicationImpl pooled thread 284] INFO  c.b.l.BrowserStackRunExtension - maven
01:13:10.128 [ApplicationImpl pooled thread 284] INFO  com.browserstack.utils.Helpers - null
01:14:29.237 [ApplicationImpl pooled thread 294] INFO  c.b.l.BrowserStackRunExtension - testng
01:14:29.238 [ApplicationImpl pooled thread 294] INFO  com.browserstack.utils.Helpers - null
01:14:29.238 [ApplicationImpl pooled thread 294] INFO  c.b.l.BrowserStackRunExtension - Agent path: null
01:14:40.954 [ApplicationImpl pooled thread 294] INFO  c.b.l.BrowserStackRunExtension - testng
01:14:40.954 [ApplicationImpl pooled thread 294] INFO  com.browserstack.utils.Helpers - null
01:14:40.955 [ApplicationImpl pooled thread 294] INFO  c.b.l.BrowserStackRunExtension - Agent path: null
01:15:56.752 [ApplicationImpl pooled thread 296] INFO  c.b.l.BrowserStackRunExtension - testng
01:15:56.752 [ApplicationImpl pooled thread 296] INFO  com.browserstack.utils.Helpers - null
01:15:56.753 [ApplicationImpl pooled thread 296] INFO  c.b.l.BrowserStackRunExtension - Agent path: null
01:17:50.134 [ApplicationImpl pooled thread 294] INFO  c.b.l.BrowserStackRunExtension - testng
01:17:50.134 [ApplicationImpl pooled thread 294] INFO  com.browserstack.utils.Helpers - null
01:17:50.134 [ApplicationImpl pooled thread 294] INFO  c.b.l.BrowserStackRunExtension - Agent path: null
01:43:43.281 [ApplicationImpl pooled thread 306] INFO  c.b.l.BrowserStackRunExtension - testng
01:43:43.281 [ApplicationImpl pooled thread 306] INFO  com.browserstack.utils.Helpers - null
01:43:43.283 [ApplicationImpl pooled thread 306] INFO  c.b.l.BrowserStackRunExtension - Agent path: null
01:46:28.348 [ApplicationImpl pooled thread 308] INFO  c.b.l.BrowserStackRunExtension - maven
01:46:28.349 [ApplicationImpl pooled thread 308] INFO  com.browserstack.utils.Helpers - null
01:48:23.704 [ApplicationImpl pooled thread 310] INFO  c.b.l.BrowserStackRunExtension - maven
01:48:23.704 [ApplicationImpl pooled thread 310] INFO  com.browserstack.utils.Helpers - null
12:37:09.845 [ApplicationImpl pooled thread 8] INFO  c.b.l.BrowserStackRunExtension - maven
12:37:09.846 [ApplicationImpl pooled thread 8] INFO  com.browserstack.utils.Helpers - null
12:42:25.764 [ApplicationImpl pooled thread 2] INFO  c.b.l.BrowserStackRunExtension - maven
12:42:25.764 [ApplicationImpl pooled thread 2] INFO  com.browserstack.utils.Helpers - null
12:47:25.828 [ApplicationImpl pooled thread 13] INFO  c.b.l.BrowserStackRunExtension - maven
12:47:25.828 [ApplicationImpl pooled thread 13] INFO  com.browserstack.utils.Helpers - null
12:50:20.632 [ApplicationImpl pooled thread 4] INFO  c.b.l.BrowserStackRunExtension - testng
12:50:20.632 [ApplicationImpl pooled thread 4] INFO  com.browserstack.utils.Helpers - null
12:50:20.633 [ApplicationImpl pooled thread 4] INFO  c.b.l.BrowserStackRunExtension - Agent path: null
12:51:41.552 [ApplicationImpl pooled thread 15] INFO  c.b.l.BrowserStackRunExtension - maven
12:51:41.552 [ApplicationImpl pooled thread 15] INFO  com.browserstack.utils.Helpers - null
13:03:52.209 [ApplicationImpl pooled thread 20] INFO  c.b.l.BrowserStackRunExtension - maven
13:03:52.209 [ApplicationImpl pooled thread 20] INFO  com.browserstack.utils.Helpers - null
13:05:40.617 [ApplicationImpl pooled thread 23] INFO  c.b.l.BrowserStackRunExtension - maven
13:05:40.617 [ApplicationImpl pooled thread 23] INFO  com.browserstack.utils.Helpers - null
13:11:10.908 [ApplicationImpl pooled thread 26] INFO  c.b.l.BrowserStackRunExtension - testng
13:11:10.909 [ApplicationImpl pooled thread 26] INFO  com.browserstack.utils.Helpers - null
13:11:10.909 [ApplicationImpl pooled thread 26] INFO  c.b.l.BrowserStackRunExtension - Agent path: null
13:21:01.056 [ApplicationImpl pooled thread 29] INFO  c.b.l.BrowserStackRunExtension - maven
13:21:01.057 [ApplicationImpl pooled thread 29] INFO  com.browserstack.utils.Helpers - null
13:21:34.216 [ApplicationImpl pooled thread 30] INFO  c.b.l.BrowserStackRunExtension - testng
13:21:34.216 [ApplicationImpl pooled thread 30] INFO  com.browserstack.utils.Helpers - null
13:21:34.217 [ApplicationImpl pooled thread 30] INFO  c.b.l.BrowserStackRunExtension - Agent path: null
13:24:42.224 [ApplicationImpl pooled thread 30] INFO  c.b.l.BrowserStackRunExtension - testng
13:24:42.224 [ApplicationImpl pooled thread 30] INFO  com.browserstack.utils.Helpers - null
13:24:42.224 [ApplicationImpl pooled thread 30] INFO  c.b.l.BrowserStackRunExtension - Agent path: null
13:30:34.315 [ApplicationImpl pooled thread 35] INFO  c.b.l.BrowserStackRunExtension - maven
13:30:34.315 [ApplicationImpl pooled thread 35] INFO  com.browserstack.utils.Helpers - null
13:34:40.568 [ApplicationImpl pooled thread 38] INFO  c.b.l.BrowserStackRunExtension - maven
13:34:40.568 [ApplicationImpl pooled thread 38] INFO  com.browserstack.utils.Helpers - null
13:35:26.297 [ApplicationImpl pooled thread 38] INFO  c.b.l.BrowserStackRunExtension - testng
13:35:26.297 [ApplicationImpl pooled thread 38] INFO  com.browserstack.utils.Helpers - null
13:35:26.298 [ApplicationImpl pooled thread 38] INFO  c.b.l.BrowserStackRunExtension - Agent path: null
13:37:43.131 [ApplicationImpl pooled thread 38] INFO  c.b.l.BrowserStackRunExtension - testng
13:37:43.131 [ApplicationImpl pooled thread 38] INFO  com.browserstack.utils.Helpers - null
13:37:43.132 [ApplicationImpl pooled thread 38] INFO  c.b.l.BrowserStackRunExtension - Agent path: null
13:38:27.675 [ApplicationImpl pooled thread 30] INFO  c.b.l.BrowserStackRunExtension - maven
13:38:27.676 [ApplicationImpl pooled thread 30] INFO  com.browserstack.utils.Helpers - null
13:38:37.402 [ApplicationImpl pooled thread 40] INFO  c.b.l.BrowserStackRunExtension - maven
13:38:37.402 [ApplicationImpl pooled thread 40] INFO  com.browserstack.utils.Helpers - null
13:47:31.062 [ApplicationImpl pooled thread 45] INFO  c.b.l.BrowserStackRunExtension - maven
13:47:31.062 [ApplicationImpl pooled thread 45] INFO  com.browserstack.utils.Helpers - null
13:52:31.508 [ApplicationImpl pooled thread 45] INFO  c.b.l.BrowserStackRunExtension - maven
13:52:31.509 [ApplicationImpl pooled thread 45] INFO  com.browserstack.utils.Helpers - null
13:55:26.773 [ApplicationImpl pooled thread 56] INFO  c.b.l.BrowserStackRunExtension - testng
13:55:26.773 [ApplicationImpl pooled thread 56] INFO  com.browserstack.utils.Helpers - null
13:55:26.775 [ApplicationImpl pooled thread 56] INFO  c.b.l.BrowserStackRunExtension - Agent path: null
13:56:13.522 [ApplicationImpl pooled thread 54] INFO  c.b.l.BrowserStackRunExtension - testng
13:56:13.523 [ApplicationImpl pooled thread 54] INFO  com.browserstack.utils.Helpers - null
13:56:13.525 [ApplicationImpl pooled thread 54] INFO  c.b.l.BrowserStackRunExtension - Agent path: null
13:57:18.649 [ApplicationImpl pooled thread 55] INFO  c.b.l.BrowserStackRunExtension - testng
13:57:18.649 [ApplicationImpl pooled thread 55] INFO  com.browserstack.utils.Helpers - null
13:57:18.650 [ApplicationImpl pooled thread 55] INFO  c.b.l.BrowserStackRunExtension - Agent path: null
13:59:49.366 [ApplicationImpl pooled thread 54] INFO  c.b.l.BrowserStackRunExtension - testng
13:59:49.367 [ApplicationImpl pooled thread 54] INFO  com.browserstack.utils.Helpers - null
13:59:49.369 [ApplicationImpl pooled thread 54] INFO  c.b.l.BrowserStackRunExtension - Agent path: null
14:00:57.734 [ApplicationImpl pooled thread 63] INFO  c.b.l.BrowserStackRunExtension - maven
14:00:57.734 [ApplicationImpl pooled thread 63] INFO  com.browserstack.utils.Helpers - null
14:02:38.442 [ApplicationImpl pooled thread 65] INFO  c.b.l.BrowserStackRunExtension - testng
14:02:38.443 [ApplicationImpl pooled thread 65] INFO  com.browserstack.utils.Helpers - null
14:02:38.445 [ApplicationImpl pooled thread 65] INFO  c.b.l.BrowserStackRunExtension - Agent path: null
14:03:03.210 [ApplicationImpl pooled thread 64] INFO  c.b.l.BrowserStackRunExtension - maven
14:03:03.210 [ApplicationImpl pooled thread 64] INFO  com.browserstack.utils.Helpers - null
14:05:39.531 [ApplicationImpl pooled thread 65] INFO  c.b.l.BrowserStackRunExtension - testng
14:05:39.531 [ApplicationImpl pooled thread 65] INFO  com.browserstack.utils.Helpers - null
14:05:39.533 [ApplicationImpl pooled thread 65] INFO  c.b.l.BrowserStackRunExtension - Agent path: null
14:05:50.014 [ApplicationImpl pooled thread 65] INFO  c.b.l.BrowserStackRunExtension - testng
14:05:50.014 [ApplicationImpl pooled thread 65] INFO  com.browserstack.utils.Helpers - null
14:05:50.015 [ApplicationImpl pooled thread 65] INFO  c.b.l.BrowserStackRunExtension - Agent path: null
14:09:22.001 [ApplicationImpl pooled thread 64] INFO  c.b.l.BrowserStackRunExtension - testng
14:09:22.001 [ApplicationImpl pooled thread 64] INFO  com.browserstack.utils.Helpers - null
14:09:22.002 [ApplicationImpl pooled thread 64] INFO  c.b.l.BrowserStackRunExtension - Agent path: null
14:10:52.702 [ApplicationImpl pooled thread 74] INFO  c.b.l.BrowserStackRunExtension - maven
14:10:52.702 [ApplicationImpl pooled thread 74] INFO  com.browserstack.utils.Helpers - null
14:11:19.773 [ApplicationImpl pooled thread 64] INFO  c.b.l.BrowserStackRunExtension - testng
14:11:19.774 [ApplicationImpl pooled thread 64] INFO  com.browserstack.utils.Helpers - null
14:11:19.775 [ApplicationImpl pooled thread 64] INFO  c.b.l.BrowserStackRunExtension - Agent path: null
14:15:20.540 [ApplicationImpl pooled thread 64] INFO  c.b.l.BrowserStackRunExtension - maven
14:15:20.541 [ApplicationImpl pooled thread 64] INFO  com.browserstack.utils.Helpers - null
14:19:22.283 [ApplicationImpl pooled thread 74] INFO  c.b.l.BrowserStackRunExtension - testng
14:19:22.283 [ApplicationImpl pooled thread 74] INFO  com.browserstack.utils.Helpers - null
14:19:22.284 [ApplicationImpl pooled thread 74] INFO  c.b.l.BrowserStackRunExtension - Agent path: null
14:22:59.880 [ApplicationImpl pooled thread 74] INFO  c.b.l.BrowserStackRunExtension - testng
14:22:59.881 [ApplicationImpl pooled thread 74] INFO  com.browserstack.utils.Helpers - null
14:22:59.881 [ApplicationImpl pooled thread 74] INFO  c.b.l.BrowserStackRunExtension - Agent path: null
14:23:56.198 [ApplicationImpl pooled thread 64] INFO  c.b.l.BrowserStackRunExtension - testng
14:23:56.199 [ApplicationImpl pooled thread 64] INFO  com.browserstack.utils.Helpers - null
14:23:56.201 [ApplicationImpl pooled thread 64] INFO  c.b.l.BrowserStackRunExtension - Agent path: null
14:26:17.021 [ApplicationImpl pooled thread 81] INFO  c.b.l.BrowserStackRunExtension - testng
14:26:17.022 [ApplicationImpl pooled thread 81] INFO  com.browserstack.utils.Helpers - null
14:26:17.023 [ApplicationImpl pooled thread 81] INFO  c.b.l.BrowserStackRunExtension - Agent path: null
14:27:14.281 [ApplicationImpl pooled thread 81] INFO  c.b.l.BrowserStackRunExtension - testng
14:27:14.281 [ApplicationImpl pooled thread 81] INFO  com.browserstack.utils.Helpers - null
14:27:14.281 [ApplicationImpl pooled thread 81] INFO  c.b.l.BrowserStackRunExtension - Agent path: null
14:30:14.294 [ApplicationImpl pooled thread 64] INFO  c.b.l.BrowserStackRunExtension - testng
14:30:14.294 [ApplicationImpl pooled thread 64] INFO  com.browserstack.utils.Helpers - null
14:30:14.296 [ApplicationImpl pooled thread 64] INFO  c.b.l.BrowserStackRunExtension - Agent path: null
14:31:35.360 [ApplicationImpl pooled thread 87] INFO  c.b.l.BrowserStackRunExtension - testng
14:31:35.360 [ApplicationImpl pooled thread 87] INFO  com.browserstack.utils.Helpers - null
14:31:35.362 [ApplicationImpl pooled thread 87] INFO  c.b.l.BrowserStackRunExtension - Agent path: null
14:33:03.463 [ApplicationImpl pooled thread 81] INFO  c.b.l.BrowserStackRunExtension - testng
14:33:03.463 [ApplicationImpl pooled thread 81] INFO  com.browserstack.utils.Helpers - null
14:33:03.464 [ApplicationImpl pooled thread 81] INFO  c.b.l.BrowserStackRunExtension - Agent path: null
14:34:29.766 [ApplicationImpl pooled thread 91] INFO  c.b.l.BrowserStackRunExtension - testng
14:34:29.766 [ApplicationImpl pooled thread 91] INFO  com.browserstack.utils.Helpers - null
14:34:29.767 [ApplicationImpl pooled thread 91] INFO  c.b.l.BrowserStackRunExtension - Agent path: null
14:35:33.437 [ApplicationImpl pooled thread 91] INFO  c.b.l.BrowserStackRunExtension - testng
14:35:33.437 [ApplicationImpl pooled thread 91] INFO  com.browserstack.utils.Helpers - null
14:35:33.438 [ApplicationImpl pooled thread 91] INFO  c.b.l.BrowserStackRunExtension - Agent path: null
14:36:01.211 [ApplicationImpl pooled thread 81] INFO  c.b.l.BrowserStackRunExtension - testng
14:36:01.211 [ApplicationImpl pooled thread 81] INFO  com.browserstack.utils.Helpers - null
14:36:01.213 [ApplicationImpl pooled thread 81] INFO  c.b.l.BrowserStackRunExtension - Agent path: null
14:36:34.907 [ApplicationImpl pooled thread 81] INFO  c.b.l.BrowserStackRunExtension - testng
14:36:34.907 [ApplicationImpl pooled thread 81] INFO  com.browserstack.utils.Helpers - null
14:36:34.909 [ApplicationImpl pooled thread 81] INFO  c.b.l.BrowserStackRunExtension - Agent path: null
14:37:50.229 [ApplicationImpl pooled thread 81] INFO  c.b.l.BrowserStackRunExtension - testng
14:37:50.229 [ApplicationImpl pooled thread 81] INFO  com.browserstack.utils.Helpers - null
14:37:50.230 [ApplicationImpl pooled thread 81] INFO  c.b.l.BrowserStackRunExtension - Agent path: null
14:38:11.505 [ApplicationImpl pooled thread 81] INFO  c.b.l.BrowserStackRunExtension - testng
14:38:11.505 [ApplicationImpl pooled thread 81] INFO  com.browserstack.utils.Helpers - null
14:38:11.505 [ApplicationImpl pooled thread 81] INFO  c.b.l.BrowserStackRunExtension - Agent path: null
14:38:33.359 [ApplicationImpl pooled thread 81] INFO  c.b.l.BrowserStackRunExtension - testng
14:38:33.360 [ApplicationImpl pooled thread 81] INFO  com.browserstack.utils.Helpers - null
14:38:33.362 [ApplicationImpl pooled thread 81] INFO  c.b.l.BrowserStackRunExtension - Agent path: null
14:39:58.664 [ApplicationImpl pooled thread 91] INFO  c.b.l.BrowserStackRunExtension - testng
14:39:58.665 [ApplicationImpl pooled thread 91] INFO  com.browserstack.utils.Helpers - null
14:39:58.666 [ApplicationImpl pooled thread 91] INFO  c.b.l.BrowserStackRunExtension - Agent path: null
14:40:31.043 [ApplicationImpl pooled thread 92] INFO  c.b.l.BrowserStackRunExtension - testng
14:40:31.044 [ApplicationImpl pooled thread 92] INFO  com.browserstack.utils.Helpers - null
14:40:31.044 [ApplicationImpl pooled thread 92] INFO  c.b.l.BrowserStackRunExtension - Agent path: null
14:41:05.723 [ApplicationImpl pooled thread 91] INFO  c.b.l.BrowserStackRunExtension - testng
14:41:05.723 [ApplicationImpl pooled thread 91] INFO  com.browserstack.utils.Helpers - null
14:41:05.724 [ApplicationImpl pooled thread 91] INFO  c.b.l.BrowserStackRunExtension - Agent path: null
15:10:09.788 [ApplicationImpl pooled thread 107] INFO  c.b.l.BrowserStackRunExtension - testng
15:10:09.788 [ApplicationImpl pooled thread 107] INFO  com.browserstack.utils.Helpers - null
15:10:09.790 [ApplicationImpl pooled thread 107] INFO  c.b.l.BrowserStackRunExtension - Agent path: null
15:24:22.944 [ApplicationImpl pooled thread 108] INFO  c.b.l.BrowserStackRunExtension - testng
15:24:22.944 [ApplicationImpl pooled thread 108] INFO  com.browserstack.utils.Helpers - null
15:24:22.947 [ApplicationImpl pooled thread 108] INFO  c.b.l.BrowserStackRunExtension - Agent path: null
15:24:46.896 [ApplicationImpl pooled thread 116] INFO  c.b.l.BrowserStackRunExtension - testng
15:24:46.896 [ApplicationImpl pooled thread 116] INFO  com.browserstack.utils.Helpers - null
15:24:46.897 [ApplicationImpl pooled thread 116] INFO  c.b.l.BrowserStackRunExtension - Agent path: null
15:26:26.490 [ApplicationImpl pooled thread 114] INFO  c.b.l.BrowserStackRunExtension - testng
15:26:26.490 [ApplicationImpl pooled thread 114] INFO  com.browserstack.utils.Helpers - null
15:26:26.491 [ApplicationImpl pooled thread 114] INFO  c.b.l.BrowserStackRunExtension - Agent path: null
15:30:47.804 [ApplicationImpl pooled thread 118] INFO  c.b.l.BrowserStackRunExtension - testng
15:30:47.804 [ApplicationImpl pooled thread 118] INFO  com.browserstack.utils.Helpers - null
15:30:47.805 [ApplicationImpl pooled thread 118] INFO  c.b.l.BrowserStackRunExtension - Agent path: null
15:36:19.113 [ApplicationImpl pooled thread 125] INFO  c.b.l.BrowserStackRunExtension - testng
15:36:19.113 [ApplicationImpl pooled thread 125] INFO  com.browserstack.utils.Helpers - null
15:36:19.115 [ApplicationImpl pooled thread 125] INFO  c.b.l.BrowserStackRunExtension - Agent path: null
15:36:30.663 [ApplicationImpl pooled thread 126] INFO  c.b.l.BrowserStackRunExtension - testng
15:36:30.663 [ApplicationImpl pooled thread 126] INFO  com.browserstack.utils.Helpers - null
15:36:30.663 [ApplicationImpl pooled thread 126] INFO  c.b.l.BrowserStackRunExtension - Agent path: null
16:11:53.360 [ApplicationImpl pooled thread 139] INFO  c.b.l.BrowserStackRunExtension - testng
16:11:53.360 [ApplicationImpl pooled thread 139] INFO  com.browserstack.utils.Helpers - null
16:11:53.361 [ApplicationImpl pooled thread 139] INFO  c.b.l.BrowserStackRunExtension - Agent path: null
16:12:43.667 [ApplicationImpl pooled thread 133] INFO  c.b.l.BrowserStackRunExtension - testng
16:12:43.667 [ApplicationImpl pooled thread 133] INFO  com.browserstack.utils.Helpers - null
16:12:43.667 [ApplicationImpl pooled thread 133] INFO  c.b.l.BrowserStackRunExtension - Agent path: null
16:22:22.535 [ApplicationImpl pooled thread 149] INFO  c.b.l.BrowserStackRunExtension - testng
16:22:22.536 [ApplicationImpl pooled thread 149] INFO  com.browserstack.utils.Helpers - null
16:22:22.537 [ApplicationImpl pooled thread 149] INFO  c.b.l.BrowserStackRunExtension - Agent path: null
16:27:40.826 [ApplicationImpl pooled thread 153] INFO  c.b.l.BrowserStackRunExtension - testng
16:27:40.827 [ApplicationImpl pooled thread 153] INFO  com.browserstack.utils.Helpers - null
16:27:40.828 [ApplicationImpl pooled thread 153] INFO  c.b.l.BrowserStackRunExtension - Agent path: null
16:28:27.755 [ApplicationImpl pooled thread 156] INFO  c.b.l.BrowserStackRunExtension - testng
16:28:27.755 [ApplicationImpl pooled thread 156] INFO  com.browserstack.utils.Helpers - null
16:28:27.756 [ApplicationImpl pooled thread 156] INFO  c.b.l.BrowserStackRunExtension - Agent path: null
16:30:23.948 [ApplicationImpl pooled thread 149] INFO  c.b.l.BrowserStackRunExtension - testng
16:30:23.948 [ApplicationImpl pooled thread 149] INFO  com.browserstack.utils.Helpers - null
16:30:23.948 [ApplicationImpl pooled thread 149] INFO  c.b.l.BrowserStackRunExtension - Agent path: null
16:31:52.465 [ApplicationImpl pooled thread 149] INFO  c.b.l.BrowserStackRunExtension - testng
16:31:52.465 [ApplicationImpl pooled thread 149] INFO  com.browserstack.utils.Helpers - null
16:31:52.468 [ApplicationImpl pooled thread 149] INFO  c.b.l.BrowserStackRunExtension - Agent path: null
19:32:06.686 [ApplicationImpl pooled thread 20] INFO  c.b.l.BrowserStackRunExtension - testng
19:32:06.687 [ApplicationImpl pooled thread 20] INFO  com.browserstack.utils.Helpers - null
19:32:06.688 [ApplicationImpl pooled thread 20] INFO  c.b.l.BrowserStackRunExtension - Agent path: null
19:35:12.260 [ApplicationImpl pooled thread 19] INFO  c.b.l.BrowserStackRunExtension - maven
19:35:12.260 [ApplicationImpl pooled thread 19] INFO  com.browserstack.utils.Helpers - null
21:18:17.521 [ApplicationImpl pooled thread 5] INFO  c.b.l.BrowserStackRunExtension - testng
21:18:17.522 [ApplicationImpl pooled thread 5] INFO  com.browserstack.utils.Helpers - null
21:18:17.523 [ApplicationImpl pooled thread 5] INFO  c.b.l.BrowserStackRunExtension - Agent path: null
21:18:34.971 [ApplicationImpl pooled thread 5] INFO  c.b.l.BrowserStackRunExtension - testng
21:18:34.971 [ApplicationImpl pooled thread 5] INFO  com.browserstack.utils.Helpers - null
21:18:34.971 [ApplicationImpl pooled thread 5] INFO  c.b.l.BrowserStackRunExtension - Agent path: null
21:18:44.765 [ApplicationImpl pooled thread 5] INFO  c.b.l.BrowserStackRunExtension - maven
21:18:44.765 [ApplicationImpl pooled thread 5] INFO  com.browserstack.utils.Helpers - null
21:20:44.872 [ApplicationImpl pooled thread 10] INFO  c.b.l.BrowserStackRunExtension - testng
21:20:44.872 [ApplicationImpl pooled thread 10] INFO  com.browserstack.utils.Helpers - null
21:20:44.873 [ApplicationImpl pooled thread 10] INFO  c.b.l.BrowserStackRunExtension - Agent path: null
21:21:10.856 [ApplicationImpl pooled thread 10] INFO  c.b.l.BrowserStackRunExtension - maven
21:21:10.857 [ApplicationImpl pooled thread 10] INFO  com.browserstack.utils.Helpers - null
21:39:18.390 [ApplicationImpl pooled thread 23] INFO  c.b.l.BrowserStackRunExtension - maven
21:39:18.390 [ApplicationImpl pooled thread 23] INFO  com.browserstack.utils.Helpers - null
21:39:54.212 [ApplicationImpl pooled thread 28] INFO  c.b.l.BrowserStackRunExtension - maven
21:39:54.212 [ApplicationImpl pooled thread 28] INFO  com.browserstack.utils.Helpers - null
21:40:49.738 [ApplicationImpl pooled thread 28] INFO  c.b.l.BrowserStackRunExtension - maven
21:40:49.738 [ApplicationImpl pooled thread 28] INFO  com.browserstack.utils.Helpers - null
21:41:28.248 [ApplicationImpl pooled thread 29] INFO  c.b.l.BrowserStackRunExtension - maven
21:41:28.248 [ApplicationImpl pooled thread 29] INFO  com.browserstack.utils.Helpers - null
21:44:06.003 [ApplicationImpl pooled thread 30] INFO  c.b.l.BrowserStackRunExtension - testng
21:44:06.003 [ApplicationImpl pooled thread 30] INFO  com.browserstack.utils.Helpers - null
21:44:06.005 [ApplicationImpl pooled thread 30] INFO  c.b.l.BrowserStackRunExtension - Agent path: null
21:45:15.667 [ApplicationImpl pooled thread 30] INFO  c.b.l.BrowserStackRunExtension - testng
21:45:15.667 [ApplicationImpl pooled thread 30] INFO  com.browserstack.utils.Helpers - null
21:45:15.669 [ApplicationImpl pooled thread 30] INFO  c.b.l.BrowserStackRunExtension - Agent path: null
21:47:00.082 [ApplicationImpl pooled thread 32] INFO  c.b.l.BrowserStackRunExtension - testng
21:47:00.082 [ApplicationImpl pooled thread 32] INFO  com.browserstack.utils.Helpers - null
21:47:00.084 [ApplicationImpl pooled thread 32] INFO  c.b.l.BrowserStackRunExtension - Agent path: null
21:53:26.683 [ApplicationImpl pooled thread 34] INFO  c.b.l.BrowserStackRunExtension - maven
21:53:26.684 [ApplicationImpl pooled thread 34] INFO  com.browserstack.utils.Helpers - null
21:54:23.371 [ApplicationImpl pooled thread 32] INFO  c.b.l.BrowserStackRunExtension - maven
21:54:23.371 [ApplicationImpl pooled thread 32] INFO  com.browserstack.utils.Helpers - null
21:54:48.868 [ApplicationImpl pooled thread 38] INFO  c.b.l.BrowserStackRunExtension - maven
21:54:48.868 [ApplicationImpl pooled thread 38] INFO  com.browserstack.utils.Helpers - null
21:59:14.097 [ApplicationImpl pooled thread 38] INFO  c.b.l.BrowserStackRunExtension - maven
21:59:14.097 [ApplicationImpl pooled thread 38] INFO  com.browserstack.utils.Helpers - null
22:05:34.559 [ApplicationImpl pooled thread 43] INFO  c.b.l.BrowserStackRunExtension - maven
22:05:34.559 [ApplicationImpl pooled thread 43] INFO  com.browserstack.utils.Helpers - null
22:35:25.981 [ApplicationImpl pooled thread 53] INFO  c.b.l.BrowserStackRunExtension - testng
22:35:25.982 [ApplicationImpl pooled thread 53] INFO  com.browserstack.utils.Helpers - null
22:35:25.982 [ApplicationImpl pooled thread 53] INFO  c.b.l.BrowserStackRunExtension - Agent path: null
22:38:20.767 [ApplicationImpl pooled thread 53] INFO  c.b.l.BrowserStackRunExtension - maven
22:38:20.767 [ApplicationImpl pooled thread 53] INFO  com.browserstack.utils.Helpers - null
